# JRE version: OpenJDK Runtime Environment (8.0_345-b01) (build 1.8.0_345-b01)
# Java VM: OpenJDK 64-Bit Server VM (25.345-b01 mixed mode windows-amd64 compressed oops)
Heap:
 PSYoungGen      total 86016K, used 2802K [0x0000000760400000, 0x000000076ac00000, 0x00000007c0000000)
  eden space 73728K, 3% used [0x0000000760400000,0x00000007606bcae8,0x0000000764c00000)
  from space 12288K, 0% used [0x0000000764c00000,0x0000000764c00000,0x0000000765800000)
  to   space 12288K, 0% used [0x000000076a000000,0x000000076a000000,0x000000076ac00000)
 ParOldGen       total 150528K, used 19414K [0x00000006a0c00000, 0x00000006a9f00000, 0x0000000760400000)
  object space 150528K, 12% used [0x00000006a0c00000,0x00000006a1ef5ba8,0x00000006a9f00000)
 Metaspace       used 21160K, capacity 21394K, committed 21504K, reserved 1069056K
  class space    used 2701K, capacity 2783K, committed 2816K, reserved 1048576K
GC Heap History (8 events):
Event: 1.575 GC heap before
{Heap before GC invocations=1 (full 0):
 PSYoungGen      total 86016K, used 73728K [0x0000000760400000, 0x0000000766400000, 0x00000007c0000000)
  eden space 73728K, 100% used [0x0000000760400000,0x0000000764c00000,0x0000000764c00000)
  from space 12288K, 0% used [0x0000000765800000,0x0000000765800000,0x0000000766400000)
  to   space 12288K, 0% used [0x0000000764c00000,0x0000000764c00000,0x0000000765800000)
 ParOldGen       total 196608K, used 0K [0x00000006a0c00000, 0x00000006acc00000, 0x0000000760400000)
  object space 196608K, 0% used [0x00000006a0c00000,0x00000006a0c00000,0x00000006acc00000)
 Metaspace       used 9804K, capacity 9896K, committed 9984K, reserved 1058816K
  class space    used 1172K, capacity 1204K, committed 1280K, reserved 1048576K
Event: 1.588 GC heap after
Heap after GC invocations=1 (full 0):
 PSYoungGen      total 86016K, used 12285K [0x0000000760400000, 0x0000000766400000, 0x00000007c0000000)
  eden space 73728K, 0% used [0x0000000760400000,0x0000000760400000,0x0000000764c00000)
  from space 12288K, 99% used [0x0000000764c00000,0x00000007657ff730,0x0000000765800000)
  to   space 12288K, 0% used [0x0000000765800000,0x0000000765800000,0x0000000766400000)
 ParOldGen       total 196608K, used 2074K [0x00000006a0c00000, 0x00000006acc00000, 0x0000000760400000)
  object space 196608K, 1% used [0x00000006a0c00000,0x00000006a0e06a48,0x00000006acc00000)
 Metaspace       used 9804K, capacity 9896K, committed 9984K, reserved 1058816K
  class space    used 1172K, capacity 1204K, committed 1280K, reserved 1048576K
}
Event: 2.840 GC heap before
{Heap before GC invocations=2 (full 0):
 PSYoungGen      total 86016K, used 86013K [0x0000000760400000, 0x0000000766400000, 0x00000007c0000000)
  eden space 73728K, 100% used [0x0000000760400000,0x0000000764c00000,0x0000000764c00000)
  from space 12288K, 99% used [0x0000000764c00000,0x00000007657ff730,0x0000000765800000)
  to   space 12288K, 0% used [0x0000000765800000,0x0000000765800000,0x0000000766400000)
 ParOldGen       total 196608K, used 2074K [0x00000006a0c00000, 0x00000006acc00000, 0x0000000760400000)
  object space 196608K, 1% used [0x00000006a0c00000,0x00000006a0e06a48,0x00000006acc00000)
 Metaspace       used 18480K, capacity 18696K, committed 18944K, reserved 1064960K
  class space    used 2423K, capacity 2506K, committed 2560K, reserved 1048576K
Event: 2.863 GC heap after
Heap after GC invocations=2 (full 0):
 PSYoungGen      total 86016K, used 12267K [0x0000000760400000, 0x000000076ac00000, 0x00000007c0000000)
  eden space 73728K, 0% used [0x0000000760400000,0x0000000760400000,0x0000000764c00000)
  from space 12288K, 99% used [0x0000000765800000,0x00000007663facc0,0x0000000766400000)
  to   space 12288K, 0% used [0x0000000764c00000,0x0000000764c00000,0x0000000765800000)
 ParOldGen       total 196608K, used 13331K [0x00000006a0c00000, 0x00000006acc00000, 0x0000000760400000)
  object space 196608K, 6% used [0x00000006a0c00000,0x00000006a1904c48,0x00000006acc00000)
 Metaspace       used 18480K, capacity 18696K, committed 18944K, reserved 1064960K
  class space    used 2423K, capacity 2506K, committed 2560K, reserved 1048576K
}
Event: 3.895 GC heap before
{Heap before GC invocations=3 (full 0):
 PSYoungGen      total 86016K, used 49758K [0x0000000760400000, 0x000000076ac00000, 0x00000007c0000000)
  eden space 73728K, 50% used [0x0000000760400000,0x000000076289ce30,0x0000000764c00000)
  from space 12288K, 99% used [0x0000000765800000,0x00000007663facc0,0x0000000766400000)
  to   space 12288K, 0% used [0x0000000764c00000,0x0000000764c00000,0x0000000765800000)
 ParOldGen       total 196608K, used 13331K [0x00000006a0c00000, 0x00000006acc00000, 0x0000000760400000)
  object space 196608K, 6% used [0x00000006a0c00000,0x00000006a1904c48,0x00000006acc00000)
 Metaspace       used 20944K, capacity 21202K, committed 21248K, reserved 1067008K
  class space    used 2671K, capacity 2783K, committed 2816K, reserved 1048576K
Event: 3.910 GC heap after
Heap after GC invocations=3 (full 0):
 PSYoungGen      total 86016K, used 12262K [0x0000000760400000, 0x000000076ac00000, 0x00000007c0000000)
  eden space 73728K, 0% used [0x0000000760400000,0x0000000760400000,0x0000000764c00000)
  from space 12288K, 99% used [0x0000000764c00000,0x00000007657f9880,0x0000000765800000)
  to   space 12288K, 0% used [0x000000076a000000,0x000000076a000000,0x000000076ac00000)
 ParOldGen       total 196608K, used 17314K [0x00000006a0c00000, 0x00000006acc00000, 0x0000000760400000)
  object space 196608K, 8% used [0x00000006a0c00000,0x00000006a1ce88f0,0x00000006acc00000)
 Metaspace       used 20944K, capacity 21202K, committed 21248K, reserved 1067008K
  class space    used 2671K, capacity 2783K, committed 2816K, reserved 1048576K
}
Event: 3.910 GC heap before
{Heap before GC invocations=4 (full 1):
 PSYoungGen      total 86016K, used 12262K [0x0000000760400000, 0x000000076ac00000, 0x00000007c0000000)
  eden space 73728K, 0% used [0x0000000760400000,0x0000000760400000,0x0000000764c00000)
  from space 12288K, 99% used [0x0000000764c00000,0x00000007657f9880,0x0000000765800000)
  to   space 12288K, 0% used [0x000000076a000000,0x000000076a000000,0x000000076ac00000)
 ParOldGen       total 196608K, used 17314K [0x00000006a0c00000, 0x00000006acc00000, 0x0000000760400000)
  object space 196608K, 8% used [0x00000006a0c00000,0x00000006a1ce88f0,0x00000006acc00000)
 Metaspace       used 20944K, capacity 21202K, committed 21248K, reserved 1067008K
  class space    used 2671K, capacity 2783K, committed 2816K, reserved 1048576K
Event: 3.993 GC heap after
Heap after GC invocations=4 (full 1):
 PSYoungGen      total 86016K, used 0K [0x0000000760400000, 0x000000076ac00000, 0x00000007c0000000)
  eden space 73728K, 0% used [0x0000000760400000,0x0000000760400000,0x0000000764c00000)
  from space 12288K, 0% used [0x0000000764c00000,0x0000000764c00000,0x0000000765800000)
  to   space 12288K, 0% used [0x000000076a000000,0x000000076a000000,0x000000076ac00000)
 ParOldGen       total 150528K, used 19414K [0x00000006a0c00000, 0x00000006a9f00000, 0x0000000760400000)
  object space 150528K, 12% used [0x00000006a0c00000,0x00000006a1ef5ba8,0x00000006a9f00000)
 Metaspace       used 20944K, capacity 21202K, committed 21248K, reserved 1067008K
  class space    used 2671K, capacity 2783K, committed 2816K, reserved 1048576K
}

