# JRE version: OpenJDK Runtime Environment (8.0_345-b01) (build 1.8.0_345-b01)
# Java VM: OpenJDK 64-Bit Server VM (25.345-b01 mixed mode windows-amd64 compressed oops)
Heap:
 PSYoungGen      total 86016K, used 3603K [0x0000000760400000, 0x000000076ac00000, 0x00000007c0000000)
  eden space 73728K, 4% used [0x0000000760400000,0x0000000760784e90,0x0000000764c00000)
  from space 12288K, 0% used [0x0000000764c00000,0x0000000764c00000,0x0000000765800000)
  to   space 12288K, 0% used [0x000000076a000000,0x000000076a000000,0x000000076ac00000)
 ParOldGen       total 147456K, used 19389K [0x00000006a0c00000, 0x00000006a9c00000, 0x0000000760400000)
  object space 147456K, 13% used [0x00000006a0c00000,0x00000006a1eef740,0x00000006a9c00000)
 Metaspace       used 21183K, capacity 21428K, committed 21504K, reserved 1069056K
  class space    used 2699K, capacity 2778K, committed 2816K, reserved 1048576K
GC Heap History (8 events):
Event: 1.054 GC heap before
{Heap before GC invocations=1 (full 0):
 PSYoungGen      total 86016K, used 73728K [0x0000000760400000, 0x0000000766400000, 0x00000007c0000000)
  eden space 73728K, 100% used [0x0000000760400000,0x0000000764c00000,0x0000000764c00000)
  from space 12288K, 0% used [0x0000000765800000,0x0000000765800000,0x0000000766400000)
  to   space 12288K, 0% used [0x0000000764c00000,0x0000000764c00000,0x0000000765800000)
 ParOldGen       total 196608K, used 0K [0x00000006a0c00000, 0x00000006acc00000, 0x0000000760400000)
  object space 196608K, 0% used [0x00000006a0c00000,0x00000006a0c00000,0x00000006acc00000)
 Metaspace       used 9834K, capacity 9896K, committed 9984K, reserved 1058816K
  class space    used 1174K, capacity 1204K, committed 1280K, reserved 1048576K
Event: 1.063 GC heap after
Heap after GC invocations=1 (full 0):
 PSYoungGen      total 86016K, used 12272K [0x0000000760400000, 0x0000000766400000, 0x00000007c0000000)
  eden space 73728K, 0% used [0x0000000760400000,0x0000000760400000,0x0000000764c00000)
  from space 12288K, 99% used [0x0000000764c00000,0x00000007657fc298,0x0000000765800000)
  to   space 12288K, 0% used [0x0000000765800000,0x0000000765800000,0x0000000766400000)
 ParOldGen       total 196608K, used 2091K [0x00000006a0c00000, 0x00000006acc00000, 0x0000000760400000)
  object space 196608K, 1% used [0x00000006a0c00000,0x00000006a0e0ac00,0x00000006acc00000)
 Metaspace       used 9834K, capacity 9896K, committed 9984K, reserved 1058816K
  class space    used 1174K, capacity 1204K, committed 1280K, reserved 1048576K
}
Event: 2.105 GC heap before
{Heap before GC invocations=2 (full 0):
 PSYoungGen      total 86016K, used 86000K [0x0000000760400000, 0x0000000766400000, 0x00000007c0000000)
  eden space 73728K, 100% used [0x0000000760400000,0x0000000764c00000,0x0000000764c00000)
  from space 12288K, 99% used [0x0000000764c00000,0x00000007657fc298,0x0000000765800000)
  to   space 12288K, 0% used [0x0000000765800000,0x0000000765800000,0x0000000766400000)
 ParOldGen       total 196608K, used 2091K [0x00000006a0c00000, 0x00000006acc00000, 0x0000000760400000)
  object space 196608K, 1% used [0x00000006a0c00000,0x00000006a0e0ac00,0x00000006acc00000)
 Metaspace       used 18536K, capacity 18696K, committed 18944K, reserved 1064960K
  class space    used 2425K, capacity 2506K, committed 2560K, reserved 1048576K
Event: 2.122 GC heap after
Heap after GC invocations=2 (full 0):
 PSYoungGen      total 86016K, used 12273K [0x0000000760400000, 0x000000076ac00000, 0x00000007c0000000)
  eden space 73728K, 0% used [0x0000000760400000,0x0000000760400000,0x0000000764c00000)
  from space 12288K, 99% used [0x0000000765800000,0x00000007663fc5c8,0x0000000766400000)
  to   space 12288K, 0% used [0x0000000764c00000,0x0000000764c00000,0x0000000765800000)
 ParOldGen       total 196608K, used 13400K [0x00000006a0c00000, 0x00000006acc00000, 0x0000000760400000)
  object space 196608K, 6% used [0x00000006a0c00000,0x00000006a1916120,0x00000006acc00000)
 Metaspace       used 18536K, capacity 18696K, committed 18944K, reserved 1064960K
  class space    used 2425K, capacity 2506K, committed 2560K, reserved 1048576K
}
Event: 3.012 GC heap before
{Heap before GC invocations=3 (full 0):
 PSYoungGen      total 86016K, used 49931K [0x0000000760400000, 0x000000076ac00000, 0x00000007c0000000)
  eden space 73728K, 51% used [0x0000000760400000,0x00000007628c6930,0x0000000764c00000)
  from space 12288K, 99% used [0x0000000765800000,0x00000007663fc5c8,0x0000000766400000)
  to   space 12288K, 0% used [0x0000000764c00000,0x0000000764c00000,0x0000000765800000)
 ParOldGen       total 196608K, used 13400K [0x00000006a0c00000, 0x00000006acc00000, 0x0000000760400000)
  object space 196608K, 6% used [0x00000006a0c00000,0x00000006a1916120,0x00000006acc00000)
 Metaspace       used 20954K, capacity 21140K, committed 21248K, reserved 1067008K
  class space    used 2666K, capacity 2746K, committed 2816K, reserved 1048576K
Event: 3.024 GC heap after
Heap after GC invocations=3 (full 0):
 PSYoungGen      total 86016K, used 12283K [0x0000000760400000, 0x000000076ac00000, 0x00000007c0000000)
  eden space 73728K, 0% used [0x0000000760400000,0x0000000760400000,0x0000000764c00000)
  from space 12288K, 99% used [0x0000000764c00000,0x00000007657fec78,0x0000000765800000)
  to   space 12288K, 0% used [0x000000076a000000,0x000000076a000000,0x000000076ac00000)
 ParOldGen       total 196608K, used 17351K [0x00000006a0c00000, 0x00000006acc00000, 0x0000000760400000)
  object space 196608K, 8% used [0x00000006a0c00000,0x00000006a1cf1c70,0x00000006acc00000)
 Metaspace       used 20954K, capacity 21140K, committed 21248K, reserved 1067008K
  class space    used 2666K, capacity 2746K, committed 2816K, reserved 1048576K
}
Event: 3.024 GC heap before
{Heap before GC invocations=4 (full 1):
 PSYoungGen      total 86016K, used 12283K [0x0000000760400000, 0x000000076ac00000, 0x00000007c0000000)
  eden space 73728K, 0% used [0x0000000760400000,0x0000000760400000,0x0000000764c00000)
  from space 12288K, 99% used [0x0000000764c00000,0x00000007657fec78,0x0000000765800000)
  to   space 12288K, 0% used [0x000000076a000000,0x000000076a000000,0x000000076ac00000)
 ParOldGen       total 196608K, used 17351K [0x00000006a0c00000, 0x00000006acc00000, 0x0000000760400000)
  object space 196608K, 8% used [0x00000006a0c00000,0x00000006a1cf1c70,0x00000006acc00000)
 Metaspace       used 20954K, capacity 21140K, committed 21248K, reserved 1067008K
  class space    used 2666K, capacity 2746K, committed 2816K, reserved 1048576K
Event: 3.074 GC heap after
Heap after GC invocations=4 (full 1):
 PSYoungGen      total 86016K, used 0K [0x0000000760400000, 0x000000076ac00000, 0x00000007c0000000)
  eden space 73728K, 0% used [0x0000000760400000,0x0000000760400000,0x0000000764c00000)
  from space 12288K, 0% used [0x0000000764c00000,0x0000000764c00000,0x0000000765800000)
  to   space 12288K, 0% used [0x000000076a000000,0x000000076a000000,0x000000076ac00000)
 ParOldGen       total 147456K, used 19389K [0x00000006a0c00000, 0x00000006a9c00000, 0x0000000760400000)
  object space 147456K, 13% used [0x00000006a0c00000,0x00000006a1eef740,0x00000006a9c00000)
 Metaspace       used 20954K, capacity 21140K, committed 21248K, reserved 1067008K
  class space    used 2666K, capacity 2746K, committed 2816K, reserved 1048576K
}

